============================= test session starts ==============================
platform linux -- Python 3.8.14, pytest-7.4.0, pluggy-1.2.0 -- /home/abhiv/code/AbhishekVerma142/data-engineering-challenges/02-Database-Fundamentals/01-SQL-Basics/02-Querying/.venv/bin/python
cachedir: .pytest_cache
rootdir: /home/abhiv/code/AbhishekVerma142/data-engineering-challenges/02-Database-Fundamentals/01-SQL-Basics/02-Querying
collecting ... collected 5 items

tests/test_queries.py::test_rental_duration_query PASSED                 [ 20%]
tests/test_queries.py::test_co_stars_query PASSED                        [ 40%]
tests/test_queries.py::test_weekly_trends_query PASSED                   [ 60%]
tests/test_queries.py::test_last_rental_query PASSED                     [ 80%]
tests/test_queries.py::test_category_performance_query PASSED            [100%]

============================== 5 passed in 0.22s ===============================
